2022-05-02 15:28:50.293  INFO 19412 --- [main] app.FoodPandaApplication                 : Starting FoodPandaApplication using Java 17.0.2 on DESKTOP-7USMDKN with PID 19412 (D:\CTI_3rd_year_2\Software Design\FoodPanda\target\classes started by user in D:\CTI_3rd_year_2\Software Design\FoodPanda)
2022-05-02 15:28:50.298  INFO 19412 --- [main] app.FoodPandaApplication                 : No active profile set, falling back to 1 default profile: "default"
2022-05-02 15:28:51.138  INFO 19412 --- [main] .s.d.r.c.RepositoryConfigurationDelegate : Bootstrapping Spring Data JPA repositories in DEFAULT mode.
2022-05-02 15:28:51.246  INFO 19412 --- [main] .s.d.r.c.RepositoryConfigurationDelegate : Finished Spring Data repository scanning in 92 ms. Found 7 JPA repository interfaces.
2022-05-02 15:28:51.866  INFO 19412 --- [main] o.s.b.w.embedded.tomcat.TomcatWebServer  : Tomcat initialized with port(s): 8080 (http)
2022-05-02 15:28:51.872  INFO 19412 --- [main] o.apache.catalina.core.StandardService   : Starting service [Tomcat]
2022-05-02 15:28:51.872  INFO 19412 --- [main] org.apache.catalina.core.StandardEngine  : Starting Servlet engine: [Apache Tomcat/9.0.58]
2022-05-02 15:28:51.996  INFO 19412 --- [main] o.a.c.c.C.[.[localhost].[/foodpanda]     : Initializing Spring embedded WebApplicationContext
2022-05-02 15:28:51.997  INFO 19412 --- [main] w.s.c.ServletWebServerApplicationContext : Root WebApplicationContext: initialization completed in 1632 ms
2022-05-02 15:28:52.093  WARN 19412 --- [main] JpaBaseConfiguration$JpaWebConfiguration : spring.jpa.open-in-view is enabled by default. Therefore, database queries may be performed during view rendering. Explicitly configure spring.jpa.open-in-view to disable this warning
2022-05-02 15:28:52.231  INFO 19412 --- [main] o.hibernate.jpa.internal.util.LogHelper  : HHH000204: Processing PersistenceUnitInfo [name: default]
2022-05-02 15:28:52.268  INFO 19412 --- [main] org.hibernate.Version                    : HHH000412: Hibernate ORM core version 5.6.5.Final
2022-05-02 15:28:52.369  INFO 19412 --- [main] o.hibernate.annotations.common.Version   : HCANN000001: Hibernate Commons Annotations {5.1.2.Final}
2022-05-02 15:28:52.454  INFO 19412 --- [main] com.zaxxer.hikari.HikariDataSource       : HikariPool-1 - Starting...
2022-05-02 15:28:52.745  INFO 19412 --- [main] com.zaxxer.hikari.HikariDataSource       : HikariPool-1 - Start completed.
2022-05-02 15:28:52.770  INFO 19412 --- [main] org.hibernate.dialect.Dialect            : HHH000400: Using dialect: org.hibernate.dialect.MySQL8Dialect
2022-05-02 15:28:53.886  INFO 19412 --- [main] o.h.e.t.j.p.i.JtaPlatformInitiator       : HHH000490: Using JtaPlatform implementation: [org.hibernate.engine.transaction.jta.platform.internal.NoJtaPlatform]
2022-05-02 15:28:53.897  INFO 19412 --- [main] j.LocalContainerEntityManagerFactoryBean : Initialized JPA EntityManagerFactory for persistence unit 'default'
2022-05-02 15:28:55.758  INFO 19412 --- [main] o.s.s.web.DefaultSecurityFilterChain     : Will not secure any request
2022-05-02 15:28:56.115  WARN 19412 --- [main] ion$DefaultTemplateResolverConfiguration : Cannot find template location: classpath:/templates/ (please add some templates or check your Thymeleaf configuration)
2022-05-02 15:28:56.189  INFO 19412 --- [main] o.s.b.w.embedded.tomcat.TomcatWebServer  : Tomcat started on port(s): 8080 (http) with context path '/foodpanda'
2022-05-02 15:28:56.202  INFO 19412 --- [main] app.FoodPandaApplication                 : Started FoodPandaApplication in 6.561 seconds (JVM running for 7.477)
2022-05-02 15:29:23.004  INFO 19412 --- [http-nio-8080-exec-1] o.a.c.c.C.[.[localhost].[/foodpanda]     : Initializing Spring DispatcherServlet 'dispatcherServlet'
2022-05-02 15:29:23.004  INFO 19412 --- [http-nio-8080-exec-1] o.s.web.servlet.DispatcherServlet        : Initializing Servlet 'dispatcherServlet'
2022-05-02 15:29:23.007  INFO 19412 --- [http-nio-8080-exec-1] o.s.web.servlet.DispatcherServlet        : Completed initialization in 2 ms
2022-05-02 15:29:37.412  INFO 19412 --- [http-nio-8080-exec-5] app.service.impl.UserServiceImpl         : UserServiceImpl: addUser: The user dummypanda31 with role CUSTOMER has been successfully added!
2022-05-02 15:31:35.466 ERROR 19412 --- [http-nio-8080-exec-8] app.controller.UserRestController        : UserRestController: getLoggedInUser No logged in user! 
2022-05-02 15:31:35.466 ERROR 19412 --- [http-nio-8080-exec-7] app.controller.UserRestController        : UserRestController: getLoggedInUser No logged in user! 
2022-05-02 15:31:38.254 ERROR 19412 --- [http-nio-8080-exec-3] app.controller.UserRestController        : UserRestController: getLoggedInUser No logged in user! 
2022-05-02 15:31:53.246  INFO 19412 --- [http-nio-8080-exec-5] app.service.impl.UserServiceImpl         : UserServiceImpl: addUser: The user foodbear31 with role ADMIN has been successfully added!
2022-05-02 15:32:03.340 ERROR 19412 --- [http-nio-8080-exec-8] app.controller.UserRestController        : UserRestController: getLoggedInUser No logged in user! 
2022-05-02 15:32:44.391 ERROR 19412 --- [http-nio-8080-exec-4] app.controller.UserRestController        : UserRestController: getLoggedInUser No logged in user! 
2022-05-02 15:32:44.391 ERROR 19412 --- [http-nio-8080-exec-3] app.controller.UserRestController        : UserRestController: getLoggedInUser No logged in user! 
2022-05-02 15:32:46.919 ERROR 19412 --- [http-nio-8080-exec-5] app.controller.UserRestController        : UserRestController: getLoggedInUser No logged in user! 
2022-05-02 15:32:54.614  INFO 19412 --- [http-nio-8080-exec-7] app.service.impl.UserServiceImpl         : UserServiceImpl: addUser: The user dummy with role CUSTOMER has been successfully added!
2022-05-02 15:32:58.293 ERROR 19412 --- [http-nio-8080-exec-9] app.controller.UserRestController        : UserRestController: getLoggedInUser No logged in user! 
2022-05-02 15:33:09.105 ERROR 19412 --- [http-nio-8080-exec-2] app.controller.UserRestController        : UserRestController: getLoggedInUser No logged in user! 
2022-05-02 15:33:09.105 ERROR 19412 --- [http-nio-8080-exec-5] app.controller.UserRestController        : UserRestController: getLoggedInUser No logged in user! 
2022-05-02 15:33:11.223 ERROR 19412 --- [http-nio-8080-exec-6] app.controller.UserRestController        : UserRestController: getLoggedInUser No logged in user! 
2022-05-02 15:33:35.172 ERROR 19412 --- [http-nio-8080-exec-7] app.controller.UserRestController        : UserRestController: getLoggedInUser No logged in user! 
2022-05-02 15:33:35.176 ERROR 19412 --- [http-nio-8080-exec-6] app.controller.UserRestController        : UserRestController: getLoggedInUser No logged in user! 
2022-05-02 15:33:37.479 ERROR 19412 --- [http-nio-8080-exec-1] app.controller.UserRestController        : UserRestController: getLoggedInUser No logged in user! 
2022-05-02 15:34:43.989 ERROR 19412 --- [http-nio-8080-exec-7] app.controller.RestaurantRestController  : RestaurantRestController: getRestaurantOfAdmin The admin has no associated restaurant! 
2022-05-02 15:35:31.233 ERROR 19412 --- [http-nio-8080-exec-1] app.controller.RestaurantRestController  : RestaurantRestController: addRestaurant The admin of the restaurant cannot be missing! 
2022-05-02 15:37:57.375  INFO 19412 --- [SpringApplicationShutdownHook] j.LocalContainerEntityManagerFactoryBean : Closing JPA EntityManagerFactory for persistence unit 'default'
2022-05-02 15:37:57.378  INFO 19412 --- [SpringApplicationShutdownHook] com.zaxxer.hikari.HikariDataSource       : HikariPool-1 - Shutdown initiated...
2022-05-02 15:37:57.387  INFO 19412 --- [SpringApplicationShutdownHook] com.zaxxer.hikari.HikariDataSource       : HikariPool-1 - Shutdown completed.
2022-05-02 15:38:08.444  INFO 17368 --- [main] app.FoodPandaApplication                 : Starting FoodPandaApplication using Java 17.0.2 on DESKTOP-7USMDKN with PID 17368 (D:\CTI_3rd_year_2\Software Design\FoodPanda\target\classes started by user in D:\CTI_3rd_year_2\Software Design\FoodPanda)
2022-05-02 15:38:08.448  INFO 17368 --- [main] app.FoodPandaApplication                 : No active profile set, falling back to 1 default profile: "default"
2022-05-02 15:38:09.409  INFO 17368 --- [main] .s.d.r.c.RepositoryConfigurationDelegate : Bootstrapping Spring Data JPA repositories in DEFAULT mode.
2022-05-02 15:38:09.530  INFO 17368 --- [main] .s.d.r.c.RepositoryConfigurationDelegate : Finished Spring Data repository scanning in 99 ms. Found 7 JPA repository interfaces.
2022-05-02 15:38:10.214  INFO 17368 --- [main] o.s.b.w.embedded.tomcat.TomcatWebServer  : Tomcat initialized with port(s): 8080 (http)
2022-05-02 15:38:10.224  INFO 17368 --- [main] o.apache.catalina.core.StandardService   : Starting service [Tomcat]
2022-05-02 15:38:10.225  INFO 17368 --- [main] org.apache.catalina.core.StandardEngine  : Starting Servlet engine: [Apache Tomcat/9.0.58]
2022-05-02 15:38:10.376  INFO 17368 --- [main] o.a.c.c.C.[.[localhost].[/foodpanda]     : Initializing Spring embedded WebApplicationContext
2022-05-02 15:38:10.376  INFO 17368 --- [main] w.s.c.ServletWebServerApplicationContext : Root WebApplicationContext: initialization completed in 1874 ms
2022-05-02 15:38:10.511  WARN 17368 --- [main] JpaBaseConfiguration$JpaWebConfiguration : spring.jpa.open-in-view is enabled by default. Therefore, database queries may be performed during view rendering. Explicitly configure spring.jpa.open-in-view to disable this warning
2022-05-02 15:38:10.657  INFO 17368 --- [main] o.hibernate.jpa.internal.util.LogHelper  : HHH000204: Processing PersistenceUnitInfo [name: default]
2022-05-02 15:38:10.713  INFO 17368 --- [main] org.hibernate.Version                    : HHH000412: Hibernate ORM core version 5.6.5.Final
2022-05-02 15:38:10.863  INFO 17368 --- [main] o.hibernate.annotations.common.Version   : HCANN000001: Hibernate Commons Annotations {5.1.2.Final}
2022-05-02 15:38:10.956  INFO 17368 --- [main] com.zaxxer.hikari.HikariDataSource       : HikariPool-1 - Starting...
2022-05-02 15:38:11.310  INFO 17368 --- [main] com.zaxxer.hikari.HikariDataSource       : HikariPool-1 - Start completed.
2022-05-02 15:38:11.329  INFO 17368 --- [main] org.hibernate.dialect.Dialect            : HHH000400: Using dialect: org.hibernate.dialect.MySQL8Dialect
2022-05-02 15:38:12.273  INFO 17368 --- [main] o.h.e.t.j.p.i.JtaPlatformInitiator       : HHH000490: Using JtaPlatform implementation: [org.hibernate.engine.transaction.jta.platform.internal.NoJtaPlatform]
2022-05-02 15:38:12.281  INFO 17368 --- [main] j.LocalContainerEntityManagerFactoryBean : Initialized JPA EntityManagerFactory for persistence unit 'default'
2022-05-02 15:38:13.958  INFO 17368 --- [main] o.s.s.web.DefaultSecurityFilterChain     : Will not secure any request
2022-05-02 15:38:14.382  WARN 17368 --- [main] ion$DefaultTemplateResolverConfiguration : Cannot find template location: classpath:/templates/ (please add some templates or check your Thymeleaf configuration)
2022-05-02 15:38:14.460  INFO 17368 --- [main] o.s.b.w.embedded.tomcat.TomcatWebServer  : Tomcat started on port(s): 8080 (http) with context path '/foodpanda'
2022-05-02 15:38:14.473  INFO 17368 --- [main] app.FoodPandaApplication                 : Started FoodPandaApplication in 6.71 seconds (JVM running for 7.613)
2022-05-02 15:38:42.406  INFO 17368 --- [http-nio-8080-exec-1] o.a.c.c.C.[.[localhost].[/foodpanda]     : Initializing Spring DispatcherServlet 'dispatcherServlet'
2022-05-02 15:38:42.406  INFO 17368 --- [http-nio-8080-exec-1] o.s.web.servlet.DispatcherServlet        : Initializing Servlet 'dispatcherServlet'
2022-05-02 15:38:42.408  INFO 17368 --- [http-nio-8080-exec-1] o.s.web.servlet.DispatcherServlet        : Completed initialization in 2 ms
2022-05-02 15:39:03.208  INFO 17368 --- [http-nio-8080-exec-6] app.service.impl.RestaurantServiceImpl   : RestaurantServiceImpl: addRestaurant: The restaurant Bear Grills has been successfully created!
2022-05-02 15:42:03.711 ERROR 17368 --- [http-nio-8080-exec-5] app.controller.RestaurantRestController  : RestaurantRestController: getRestaurantOfAdmin The admin has no associated restaurant! 
2022-05-02 15:42:24.005  INFO 17368 --- [http-nio-8080-exec-9] app.service.impl.RestaurantServiceImpl   : RestaurantServiceImpl: addRestaurant: The restaurant Bear Grills has been successfully created!
2022-05-02 15:44:14.241 ERROR 17368 --- [http-nio-8080-exec-10] app.controller.RestaurantRestController  : RestaurantRestController: getRestaurantOfAdmin The admin has no associated restaurant! 
2022-05-02 15:44:35.918  INFO 17368 --- [http-nio-8080-exec-5] app.service.impl.RestaurantServiceImpl   : RestaurantServiceImpl: addRestaurant: The restaurant Bear Grills has been successfully created!
2022-05-02 15:47:24.143  INFO 17368 --- [SpringApplicationShutdownHook] j.LocalContainerEntityManagerFactoryBean : Closing JPA EntityManagerFactory for persistence unit 'default'
2022-05-02 15:47:24.144  INFO 17368 --- [SpringApplicationShutdownHook] com.zaxxer.hikari.HikariDataSource       : HikariPool-1 - Shutdown initiated...
2022-05-02 15:47:24.149  INFO 17368 --- [SpringApplicationShutdownHook] com.zaxxer.hikari.HikariDataSource       : HikariPool-1 - Shutdown completed.
2022-05-02 15:47:31.726  INFO 5360 --- [main] app.FoodPandaApplication                 : Starting FoodPandaApplication using Java 17.0.2 on DESKTOP-7USMDKN with PID 5360 (D:\CTI_3rd_year_2\Software Design\FoodPanda\target\classes started by user in D:\CTI_3rd_year_2\Software Design\FoodPanda)
2022-05-02 15:47:31.729  INFO 5360 --- [main] app.FoodPandaApplication                 : No active profile set, falling back to 1 default profile: "default"
2022-05-02 15:47:32.478  INFO 5360 --- [main] .s.d.r.c.RepositoryConfigurationDelegate : Bootstrapping Spring Data JPA repositories in DEFAULT mode.
2022-05-02 15:47:32.580  INFO 5360 --- [main] .s.d.r.c.RepositoryConfigurationDelegate : Finished Spring Data repository scanning in 86 ms. Found 7 JPA repository interfaces.
2022-05-02 15:47:33.226  INFO 5360 --- [main] o.s.b.w.embedded.tomcat.TomcatWebServer  : Tomcat initialized with port(s): 8080 (http)
2022-05-02 15:47:33.232  INFO 5360 --- [main] o.apache.catalina.core.StandardService   : Starting service [Tomcat]
2022-05-02 15:47:33.233  INFO 5360 --- [main] org.apache.catalina.core.StandardEngine  : Starting Servlet engine: [Apache Tomcat/9.0.58]
2022-05-02 15:47:33.368  INFO 5360 --- [main] o.a.c.c.C.[.[localhost].[/foodpanda]     : Initializing Spring embedded WebApplicationContext
2022-05-02 15:47:33.368  INFO 5360 --- [main] w.s.c.ServletWebServerApplicationContext : Root WebApplicationContext: initialization completed in 1599 ms
2022-05-02 15:47:33.462  WARN 5360 --- [main] JpaBaseConfiguration$JpaWebConfiguration : spring.jpa.open-in-view is enabled by default. Therefore, database queries may be performed during view rendering. Explicitly configure spring.jpa.open-in-view to disable this warning
2022-05-02 15:47:33.598  INFO 5360 --- [main] o.hibernate.jpa.internal.util.LogHelper  : HHH000204: Processing PersistenceUnitInfo [name: default]
2022-05-02 15:47:33.637  INFO 5360 --- [main] org.hibernate.Version                    : HHH000412: Hibernate ORM core version 5.6.5.Final
2022-05-02 15:47:33.765  INFO 5360 --- [main] o.hibernate.annotations.common.Version   : HCANN000001: Hibernate Commons Annotations {5.1.2.Final}
2022-05-02 15:47:33.867  INFO 5360 --- [main] com.zaxxer.hikari.HikariDataSource       : HikariPool-1 - Starting...
2022-05-02 15:47:34.215  INFO 5360 --- [main] com.zaxxer.hikari.HikariDataSource       : HikariPool-1 - Start completed.
2022-05-02 15:47:34.236  INFO 5360 --- [main] org.hibernate.dialect.Dialect            : HHH000400: Using dialect: org.hibernate.dialect.MySQL8Dialect
2022-05-02 15:47:35.361  INFO 5360 --- [main] o.h.e.t.j.p.i.JtaPlatformInitiator       : HHH000490: Using JtaPlatform implementation: [org.hibernate.engine.transaction.jta.platform.internal.NoJtaPlatform]
2022-05-02 15:47:35.374  INFO 5360 --- [main] j.LocalContainerEntityManagerFactoryBean : Initialized JPA EntityManagerFactory for persistence unit 'default'
2022-05-02 15:47:37.083  INFO 5360 --- [main] o.s.s.web.DefaultSecurityFilterChain     : Will not secure any request
2022-05-02 15:47:37.552  WARN 5360 --- [main] ion$DefaultTemplateResolverConfiguration : Cannot find template location: classpath:/templates/ (please add some templates or check your Thymeleaf configuration)
2022-05-02 15:47:37.636  INFO 5360 --- [main] o.s.b.w.embedded.tomcat.TomcatWebServer  : Tomcat started on port(s): 8080 (http) with context path '/foodpanda'
2022-05-02 15:47:37.647  INFO 5360 --- [main] app.FoodPandaApplication                 : Started FoodPandaApplication in 6.33 seconds (JVM running for 7.492)
2022-05-02 15:47:40.332  INFO 5360 --- [http-nio-8080-exec-1] o.a.c.c.C.[.[localhost].[/foodpanda]     : Initializing Spring DispatcherServlet 'dispatcherServlet'
2022-05-02 15:47:40.333  INFO 5360 --- [http-nio-8080-exec-1] o.s.web.servlet.DispatcherServlet        : Initializing Servlet 'dispatcherServlet'
2022-05-02 15:47:40.336  INFO 5360 --- [http-nio-8080-exec-1] o.s.web.servlet.DispatcherServlet        : Completed initialization in 3 ms
2022-05-02 15:47:45.854  WARN 5360 --- [http-nio-8080-exec-3] app.controller.UserRestController        : UserRestController: getLoggedInUser No logged in user! 
2022-05-02 15:47:45.854  WARN 5360 --- [http-nio-8080-exec-5] app.controller.UserRestController        : UserRestController: getLoggedInUser No logged in user! 
2022-05-02 15:47:47.380  WARN 5360 --- [http-nio-8080-exec-7] app.controller.UserRestController        : UserRestController: getLoggedInUser No logged in user! 
2022-05-02 15:48:00.358 ERROR 5360 --- [http-nio-8080-exec-2] app.controller.UserRestController        : UserRestController: authenticateUser Bad credentials 
2022-05-02 15:48:05.429 ERROR 5360 --- [http-nio-8080-exec-1] app.controller.UserRestController        : UserRestController: authenticateUser Bad credentials 
2022-05-02 15:52:06.754  WARN 5360 --- [http-nio-8080-exec-4] app.controller.UserRestController        : UserRestController: getLoggedInUser No logged in user! 
2022-05-02 15:52:06.754  WARN 5360 --- [http-nio-8080-exec-6] app.controller.UserRestController        : UserRestController: getLoggedInUser No logged in user! 
2022-05-02 15:52:08.152  WARN 5360 --- [http-nio-8080-exec-5] app.controller.UserRestController        : UserRestController: getLoggedInUser No logged in user! 
2022-05-02 15:52:48.146  INFO 5360 --- [http-nio-8080-exec-4] app.service.impl.FoodServiceImpl         : FoodServiceImpl: addFood: The food Steak has been successfully added to the menu of the restaurant Bear Grills!
2022-05-02 15:53:24.838  INFO 5360 --- [http-nio-8080-exec-7] app.service.impl.FoodServiceImpl         : FoodServiceImpl: addFood: The food Spaghetti and meatballs has been successfully added to the menu of the restaurant Bear Grills!
2022-05-02 15:53:24.868  WARN 5360 --- [http-nio-8080-exec-7] o.h.engine.jdbc.spi.SqlExceptionHelper   : SQL Error: 1062, SQLState: 23000
2022-05-02 15:53:24.868 ERROR 5360 --- [http-nio-8080-exec-7] o.h.engine.jdbc.spi.SqlExceptionHelper   : Duplicate entry 'Spaghetti and meatballs' for key 'food.UK_qkhr2yo38c1g9n5ss0jl7gxk6'
2022-05-02 15:53:24.871  INFO 5360 --- [http-nio-8080-exec-7] o.h.e.j.b.internal.AbstractBatchImpl     : HHH000010: On release of batch it still contained JDBC statements
2022-05-02 15:53:24.891 ERROR 5360 --- [http-nio-8080-exec-7] o.a.c.c.C.[.[.[.[dispatcherServlet]      : Servlet.service() for servlet [dispatcherServlet] in context with path [/foodpanda] threw exception [Request processing failed; nested exception is org.springframework.dao.DataIntegrityViolationException: could not execute statement; SQL [n/a]; constraint [food.UK_qkhr2yo38c1g9n5ss0jl7gxk6]; nested exception is org.hibernate.exception.ConstraintViolationException: could not execute statement] with root cause
2022-05-02 15:56:24.488  INFO 5360 --- [http-nio-8080-exec-2] app.service.impl.FoodServiceImpl         : FoodServiceImpl: addFood: The food Spaghetti and Meatballs has been successfully added to the menu of the restaurant Bear Grills!
2022-05-02 15:56:24.504  WARN 5360 --- [http-nio-8080-exec-2] o.h.engine.jdbc.spi.SqlExceptionHelper   : SQL Error: 1062, SQLState: 23000
2022-05-02 15:56:24.504 ERROR 5360 --- [http-nio-8080-exec-2] o.h.engine.jdbc.spi.SqlExceptionHelper   : Duplicate entry 'Spaghetti and Meatballs' for key 'food.UK_qkhr2yo38c1g9n5ss0jl7gxk6'
2022-05-02 15:56:24.504  INFO 5360 --- [http-nio-8080-exec-2] o.h.e.j.b.internal.AbstractBatchImpl     : HHH000010: On release of batch it still contained JDBC statements
2022-05-02 15:56:24.509 ERROR 5360 --- [http-nio-8080-exec-2] o.a.c.c.C.[.[.[.[dispatcherServlet]      : Servlet.service() for servlet [dispatcherServlet] in context with path [/foodpanda] threw exception [Request processing failed; nested exception is org.springframework.dao.DataIntegrityViolationException: could not execute statement; SQL [n/a]; constraint [food.UK_qkhr2yo38c1g9n5ss0jl7gxk6]; nested exception is org.hibernate.exception.ConstraintViolationException: could not execute statement] with root cause
2022-05-02 15:57:21.226  INFO 5360 --- [SpringApplicationShutdownHook] j.LocalContainerEntityManagerFactoryBean : Closing JPA EntityManagerFactory for persistence unit 'default'
2022-05-02 15:57:21.226  INFO 5360 --- [SpringApplicationShutdownHook] com.zaxxer.hikari.HikariDataSource       : HikariPool-1 - Shutdown initiated...
2022-05-02 15:57:21.241  INFO 5360 --- [SpringApplicationShutdownHook] com.zaxxer.hikari.HikariDataSource       : HikariPool-1 - Shutdown completed.
2022-05-02 15:57:28.585  INFO 5644 --- [main] app.FoodPandaApplication                 : Starting FoodPandaApplication using Java 17.0.2 on DESKTOP-7USMDKN with PID 5644 (D:\CTI_3rd_year_2\Software Design\FoodPanda\target\classes started by user in D:\CTI_3rd_year_2\Software Design\FoodPanda)
2022-05-02 15:57:28.591  INFO 5644 --- [main] app.FoodPandaApplication                 : No active profile set, falling back to 1 default profile: "default"
2022-05-02 15:57:29.183  INFO 5644 --- [main] .s.d.r.c.RepositoryConfigurationDelegate : Bootstrapping Spring Data JPA repositories in DEFAULT mode.
2022-05-02 15:57:29.268  INFO 5644 --- [main] .s.d.r.c.RepositoryConfigurationDelegate : Finished Spring Data repository scanning in 69 ms. Found 7 JPA repository interfaces.
2022-05-02 15:57:29.761  INFO 5644 --- [main] o.s.b.w.embedded.tomcat.TomcatWebServer  : Tomcat initialized with port(s): 8080 (http)
2022-05-02 15:57:29.761  INFO 5644 --- [main] o.apache.catalina.core.StandardService   : Starting service [Tomcat]
2022-05-02 15:57:29.761  INFO 5644 --- [main] org.apache.catalina.core.StandardEngine  : Starting Servlet engine: [Apache Tomcat/9.0.58]
2022-05-02 15:57:29.870  INFO 5644 --- [main] o.a.c.c.C.[.[localhost].[/foodpanda]     : Initializing Spring embedded WebApplicationContext
2022-05-02 15:57:29.870  INFO 5644 --- [main] w.s.c.ServletWebServerApplicationContext : Root WebApplicationContext: initialization completed in 1233 ms
2022-05-02 15:57:29.948  WARN 5644 --- [main] JpaBaseConfiguration$JpaWebConfiguration : spring.jpa.open-in-view is enabled by default. Therefore, database queries may be performed during view rendering. Explicitly configure spring.jpa.open-in-view to disable this warning
2022-05-02 15:57:30.073  INFO 5644 --- [main] o.hibernate.jpa.internal.util.LogHelper  : HHH000204: Processing PersistenceUnitInfo [name: default]
2022-05-02 15:57:30.104  INFO 5644 --- [main] org.hibernate.Version                    : HHH000412: Hibernate ORM core version 5.6.5.Final
2022-05-02 15:57:30.183  INFO 5644 --- [main] o.hibernate.annotations.common.Version   : HCANN000001: Hibernate Commons Annotations {5.1.2.Final}
2022-05-02 15:57:30.261  INFO 5644 --- [main] com.zaxxer.hikari.HikariDataSource       : HikariPool-1 - Starting...
2022-05-02 15:57:30.495  INFO 5644 --- [main] com.zaxxer.hikari.HikariDataSource       : HikariPool-1 - Start completed.
2022-05-02 15:57:30.511  INFO 5644 --- [main] org.hibernate.dialect.Dialect            : HHH000400: Using dialect: org.hibernate.dialect.MySQL8Dialect
2022-05-02 15:57:31.183  INFO 5644 --- [main] o.h.e.t.j.p.i.JtaPlatformInitiator       : HHH000490: Using JtaPlatform implementation: [org.hibernate.engine.transaction.jta.platform.internal.NoJtaPlatform]
2022-05-02 15:57:31.183  INFO 5644 --- [main] j.LocalContainerEntityManagerFactoryBean : Initialized JPA EntityManagerFactory for persistence unit 'default'
2022-05-02 15:57:32.600  INFO 5644 --- [main] o.s.s.web.DefaultSecurityFilterChain     : Will not secure any request
2022-05-02 15:57:32.928  WARN 5644 --- [main] ion$DefaultTemplateResolverConfiguration : Cannot find template location: classpath:/templates/ (please add some templates or check your Thymeleaf configuration)
2022-05-02 15:57:33.022  INFO 5644 --- [main] o.s.b.w.embedded.tomcat.TomcatWebServer  : Tomcat started on port(s): 8080 (http) with context path '/foodpanda'
2022-05-02 15:57:33.035  INFO 5644 --- [main] app.FoodPandaApplication                 : Started FoodPandaApplication in 4.747 seconds (JVM running for 5.445)
2022-05-02 15:57:38.069  INFO 5644 --- [http-nio-8080-exec-4] o.a.c.c.C.[.[localhost].[/foodpanda]     : Initializing Spring DispatcherServlet 'dispatcherServlet'
2022-05-02 15:57:38.070  INFO 5644 --- [http-nio-8080-exec-4] o.s.web.servlet.DispatcherServlet        : Initializing Servlet 'dispatcherServlet'
2022-05-02 15:57:38.075  INFO 5644 --- [http-nio-8080-exec-4] o.s.web.servlet.DispatcherServlet        : Completed initialization in 5 ms
2022-05-02 15:57:51.322 ERROR 5644 --- [http-nio-8080-exec-8] app.controller.FoodRestController        : FoodRestController: addFood Duplicate food name! This name is already taken!
2022-05-02 15:59:05.729  INFO 5644 --- [http-nio-8080-exec-4] app.service.impl.FoodServiceImpl         : FoodServiceImpl: addFood: The food Chocolate cake has been successfully added to the menu of the restaurant Bear Grills!
2022-05-02 15:59:29.564  INFO 5644 --- [http-nio-8080-exec-3] app.service.impl.FoodServiceImpl         : FoodServiceImpl: addFood: The food Cappy orange has been successfully added to the menu of the restaurant Bear Grills!
2022-05-02 15:59:39.108  WARN 5644 --- [http-nio-8080-exec-10] app.controller.UserRestController        : UserRestController: getLoggedInUser No logged in user! 
2022-05-02 15:59:39.110  WARN 5644 --- [http-nio-8080-exec-6] app.controller.UserRestController        : UserRestController: getLoggedInUser No logged in user! 
2022-05-02 15:59:40.507  WARN 5644 --- [http-nio-8080-exec-1] app.controller.UserRestController        : UserRestController: getLoggedInUser No logged in user! 
2022-05-02 15:59:56.797  INFO 5644 --- [http-nio-8080-exec-3] app.service.impl.RestaurantServiceImpl   : RestaurantServiceImpl: exportMenu: The menu of the restaurant Bear Grills has been successfully created!
2022-05-02 16:00:02.232  WARN 5644 --- [http-nio-8080-exec-5] app.controller.UserRestController        : UserRestController: getLoggedInUser No logged in user! 
2022-05-02 16:00:02.233  WARN 5644 --- [http-nio-8080-exec-3] app.controller.UserRestController        : UserRestController: getLoggedInUser No logged in user! 
2022-05-02 16:00:09.261  WARN 5644 --- [http-nio-8080-exec-7] app.controller.UserRestController        : UserRestController: getLoggedInUser No logged in user! 
2022-05-02 16:00:20.334 ERROR 5644 --- [http-nio-8080-exec-6] app.controller.UserRestController        : UserRestController: authenticateUser Bad credentials 
2022-05-02 16:00:26.496 ERROR 5644 --- [http-nio-8080-exec-3] app.controller.UserRestController        : UserRestController: authenticateUser Bad credentials 
2022-05-02 16:01:12.211  INFO 5644 --- [http-nio-8080-exec-3] app.service.impl.CartServiceImpl         : CartServiceImpl: addFoodToCart: The food Steak has been successfully added to the cart of customer dummypanda31!
2022-05-02 16:01:21.011 ERROR 5644 --- [http-nio-8080-exec-6] o.a.c.c.C.[.[.[.[dispatcherServlet]      : Servlet.service() for servlet [dispatcherServlet] in context with path [/foodpanda] threw exception [Request processing failed; nested exception is org.springframework.mail.MailAuthenticationException: Authentication failed; nested exception is javax.mail.AuthenticationFailedException: 535-5.7.8 Username and Password not accepted. Learn more at
2022-05-02 16:03:01.359  INFO 5644 --- [SpringApplicationShutdownHook] j.LocalContainerEntityManagerFactoryBean : Closing JPA EntityManagerFactory for persistence unit 'default'
2022-05-02 16:03:01.359  INFO 5644 --- [SpringApplicationShutdownHook] com.zaxxer.hikari.HikariDataSource       : HikariPool-1 - Shutdown initiated...
2022-05-02 16:03:01.359  INFO 5644 --- [SpringApplicationShutdownHook] com.zaxxer.hikari.HikariDataSource       : HikariPool-1 - Shutdown completed.
2022-05-02 16:03:07.522  INFO 3512 --- [main] app.FoodPandaApplication                 : Starting FoodPandaApplication using Java 17.0.2 on DESKTOP-7USMDKN with PID 3512 (D:\CTI_3rd_year_2\Software Design\FoodPanda\target\classes started by user in D:\CTI_3rd_year_2\Software Design\FoodPanda)
2022-05-02 16:03:07.522  INFO 3512 --- [main] app.FoodPandaApplication                 : No active profile set, falling back to 1 default profile: "default"
2022-05-02 16:03:08.129  INFO 3512 --- [main] .s.d.r.c.RepositoryConfigurationDelegate : Bootstrapping Spring Data JPA repositories in DEFAULT mode.
2022-05-02 16:03:08.223  INFO 3512 --- [main] .s.d.r.c.RepositoryConfigurationDelegate : Finished Spring Data repository scanning in 78 ms. Found 7 JPA repository interfaces.
2022-05-02 16:03:08.723  INFO 3512 --- [main] o.s.b.w.embedded.tomcat.TomcatWebServer  : Tomcat initialized with port(s): 8080 (http)
2022-05-02 16:03:08.743  INFO 3512 --- [main] o.apache.catalina.core.StandardService   : Starting service [Tomcat]
2022-05-02 16:03:08.743  INFO 3512 --- [main] org.apache.catalina.core.StandardEngine  : Starting Servlet engine: [Apache Tomcat/9.0.58]
2022-05-02 16:03:08.887  INFO 3512 --- [main] o.a.c.c.C.[.[localhost].[/foodpanda]     : Initializing Spring embedded WebApplicationContext
2022-05-02 16:03:08.887  INFO 3512 --- [main] w.s.c.ServletWebServerApplicationContext : Root WebApplicationContext: initialization completed in 1305 ms
2022-05-02 16:03:08.965  WARN 3512 --- [main] JpaBaseConfiguration$JpaWebConfiguration : spring.jpa.open-in-view is enabled by default. Therefore, database queries may be performed during view rendering. Explicitly configure spring.jpa.open-in-view to disable this warning
2022-05-02 16:03:09.090  INFO 3512 --- [main] o.hibernate.jpa.internal.util.LogHelper  : HHH000204: Processing PersistenceUnitInfo [name: default]
2022-05-02 16:03:09.114  INFO 3512 --- [main] org.hibernate.Version                    : HHH000412: Hibernate ORM core version 5.6.5.Final
2022-05-02 16:03:09.192  INFO 3512 --- [main] o.hibernate.annotations.common.Version   : HCANN000001: Hibernate Commons Annotations {5.1.2.Final}
2022-05-02 16:03:09.270  INFO 3512 --- [main] com.zaxxer.hikari.HikariDataSource       : HikariPool-1 - Starting...
2022-05-02 16:03:09.526  INFO 3512 --- [main] com.zaxxer.hikari.HikariDataSource       : HikariPool-1 - Start completed.
2022-05-02 16:03:09.541  INFO 3512 --- [main] org.hibernate.dialect.Dialect            : HHH000400: Using dialect: org.hibernate.dialect.MySQL8Dialect
2022-05-02 16:03:10.224  INFO 3512 --- [main] o.h.e.t.j.p.i.JtaPlatformInitiator       : HHH000490: Using JtaPlatform implementation: [org.hibernate.engine.transaction.jta.platform.internal.NoJtaPlatform]
2022-05-02 16:03:10.240  INFO 3512 --- [main] j.LocalContainerEntityManagerFactoryBean : Initialized JPA EntityManagerFactory for persistence unit 'default'
2022-05-02 16:03:11.564  INFO 3512 --- [main] o.s.s.web.DefaultSecurityFilterChain     : Will not secure any request
2022-05-02 16:03:11.818  WARN 3512 --- [main] ion$DefaultTemplateResolverConfiguration : Cannot find template location: classpath:/templates/ (please add some templates or check your Thymeleaf configuration)
2022-05-02 16:03:11.896  INFO 3512 --- [main] o.s.b.w.embedded.tomcat.TomcatWebServer  : Tomcat started on port(s): 8080 (http) with context path '/foodpanda'
2022-05-02 16:03:11.896  INFO 3512 --- [main] app.FoodPandaApplication                 : Started FoodPandaApplication in 4.689 seconds (JVM running for 5.285)
2022-05-02 16:03:46.119  INFO 3512 --- [http-nio-8080-exec-1] o.a.c.c.C.[.[localhost].[/foodpanda]     : Initializing Spring DispatcherServlet 'dispatcherServlet'
2022-05-02 16:03:46.119  INFO 3512 --- [http-nio-8080-exec-1] o.s.web.servlet.DispatcherServlet        : Initializing Servlet 'dispatcherServlet'
2022-05-02 16:03:46.122  INFO 3512 --- [http-nio-8080-exec-1] o.s.web.servlet.DispatcherServlet        : Completed initialization in 2 ms
2022-05-02 16:03:59.456 ERROR 3512 --- [http-nio-8080-exec-8] o.a.c.c.C.[.[.[.[dispatcherServlet]      : Servlet.service() for servlet [dispatcherServlet] in context with path [/foodpanda] threw exception [Request processing failed; nested exception is org.springframework.mail.MailAuthenticationException: Authentication failed; nested exception is javax.mail.AuthenticationFailedException: 535-5.7.8 Username and Password not accepted. Learn more at
2022-05-02 16:12:40.631  INFO 3512 --- [SpringApplicationShutdownHook] j.LocalContainerEntityManagerFactoryBean : Closing JPA EntityManagerFactory for persistence unit 'default'
2022-05-02 16:12:40.631  INFO 3512 --- [SpringApplicationShutdownHook] com.zaxxer.hikari.HikariDataSource       : HikariPool-1 - Shutdown initiated...
2022-05-02 16:12:40.631  INFO 3512 --- [SpringApplicationShutdownHook] com.zaxxer.hikari.HikariDataSource       : HikariPool-1 - Shutdown completed.
2022-05-02 16:12:50.379  INFO 21368 --- [main] app.FoodPandaApplication                 : Starting FoodPandaApplication using Java 17.0.2 on DESKTOP-7USMDKN with PID 21368 (D:\CTI_3rd_year_2\Software Design\FoodPanda\target\classes started by user in D:\CTI_3rd_year_2\Software Design\FoodPanda)
2022-05-02 16:12:50.379  INFO 21368 --- [main] app.FoodPandaApplication                 : No active profile set, falling back to 1 default profile: "default"
2022-05-02 16:12:50.984  INFO 21368 --- [main] .s.d.r.c.RepositoryConfigurationDelegate : Bootstrapping Spring Data JPA repositories in DEFAULT mode.
2022-05-02 16:12:51.064  INFO 21368 --- [main] .s.d.r.c.RepositoryConfigurationDelegate : Finished Spring Data repository scanning in 69 ms. Found 7 JPA repository interfaces.
2022-05-02 16:12:51.586  INFO 21368 --- [main] o.s.b.w.embedded.tomcat.TomcatWebServer  : Tomcat initialized with port(s): 8080 (http)
2022-05-02 16:12:51.586  INFO 21368 --- [main] o.apache.catalina.core.StandardService   : Starting service [Tomcat]
2022-05-02 16:12:51.586  INFO 21368 --- [main] org.apache.catalina.core.StandardEngine  : Starting Servlet engine: [Apache Tomcat/9.0.58]
2022-05-02 16:12:51.695  INFO 21368 --- [main] o.a.c.c.C.[.[localhost].[/foodpanda]     : Initializing Spring embedded WebApplicationContext
2022-05-02 16:12:51.695  INFO 21368 --- [main] w.s.c.ServletWebServerApplicationContext : Root WebApplicationContext: initialization completed in 1260 ms
2022-05-02 16:12:51.773  WARN 21368 --- [main] JpaBaseConfiguration$JpaWebConfiguration : spring.jpa.open-in-view is enabled by default. Therefore, database queries may be performed during view rendering. Explicitly configure spring.jpa.open-in-view to disable this warning
2022-05-02 16:12:51.898  INFO 21368 --- [main] o.hibernate.jpa.internal.util.LogHelper  : HHH000204: Processing PersistenceUnitInfo [name: default]
2022-05-02 16:12:51.929  INFO 21368 --- [main] org.hibernate.Version                    : HHH000412: Hibernate ORM core version 5.6.5.Final
2022-05-02 16:12:52.016  INFO 21368 --- [main] o.hibernate.annotations.common.Version   : HCANN000001: Hibernate Commons Annotations {5.1.2.Final}
2022-05-02 16:12:52.079  INFO 21368 --- [main] com.zaxxer.hikari.HikariDataSource       : HikariPool-1 - Starting...
2022-05-02 16:12:52.344  INFO 21368 --- [main] com.zaxxer.hikari.HikariDataSource       : HikariPool-1 - Start completed.
2022-05-02 16:12:52.360  INFO 21368 --- [main] org.hibernate.dialect.Dialect            : HHH000400: Using dialect: org.hibernate.dialect.MySQL8Dialect
2022-05-02 16:12:53.023  INFO 21368 --- [main] o.h.e.t.j.p.i.JtaPlatformInitiator       : HHH000490: Using JtaPlatform implementation: [org.hibernate.engine.transaction.jta.platform.internal.NoJtaPlatform]
2022-05-02 16:12:53.030  INFO 21368 --- [main] j.LocalContainerEntityManagerFactoryBean : Initialized JPA EntityManagerFactory for persistence unit 'default'
2022-05-02 16:12:54.315  INFO 21368 --- [main] o.s.s.web.DefaultSecurityFilterChain     : Will not secure any request
2022-05-02 16:12:54.581  WARN 21368 --- [main] ion$DefaultTemplateResolverConfiguration : Cannot find template location: classpath:/templates/ (please add some templates or check your Thymeleaf configuration)
2022-05-02 16:12:54.643  INFO 21368 --- [main] o.s.b.w.embedded.tomcat.TomcatWebServer  : Tomcat started on port(s): 8080 (http) with context path '/foodpanda'
2022-05-02 16:12:54.659  INFO 21368 --- [main] app.FoodPandaApplication                 : Started FoodPandaApplication in 4.577 seconds (JVM running for 5.315)
2022-05-02 16:14:58.571  INFO 21368 --- [http-nio-8080-exec-1] o.a.c.c.C.[.[localhost].[/foodpanda]     : Initializing Spring DispatcherServlet 'dispatcherServlet'
2022-05-02 16:14:58.572  INFO 21368 --- [http-nio-8080-exec-1] o.s.web.servlet.DispatcherServlet        : Initializing Servlet 'dispatcherServlet'
2022-05-02 16:14:58.574  INFO 21368 --- [http-nio-8080-exec-1] o.s.web.servlet.DispatcherServlet        : Completed initialization in 2 ms
2022-05-02 16:14:58.692 ERROR 21368 --- [http-nio-8080-exec-4] app.config.JwtAuthenticationFilter       : Could not set user authentication in security context
2022-05-02 16:15:26.720  WARN 21368 --- [http-nio-8080-exec-3] app.controller.UserRestController        : UserRestController: getLoggedInUser No logged in user!
2022-05-02 16:15:35.845  WARN 21368 --- [http-nio-8080-exec-8] app.controller.RestaurantRestController  : RestaurantRestController: getRestaurantOfAdmin The admin has no associated restaurant! 
2022-05-02 16:15:54.172  INFO 21368 --- [http-nio-8080-exec-4] app.service.impl.RestaurantServiceImpl   : RestaurantServiceImpl: addRestaurant: The restaurant Bear Grills has been successfully created!
2022-05-02 16:16:25.689  WARN 21368 --- [http-nio-8080-exec-6] app.controller.UserRestController        : UserRestController: getLoggedInUser No logged in user! 
2022-05-02 16:16:25.689  WARN 21368 --- [http-nio-8080-exec-3] app.controller.UserRestController        : UserRestController: getLoggedInUser No logged in user! 
2022-05-02 16:16:27.180  WARN 21368 --- [http-nio-8080-exec-7] app.controller.UserRestController        : UserRestController: getLoggedInUser No logged in user! 
2022-05-02 16:16:40.562  INFO 21368 --- [http-nio-8080-exec-6] app.service.impl.CartServiceImpl         : CartServiceImpl: addFoodToCart: The food Steak has been successfully added to the cart of customer dummypanda31!
2022-05-02 16:16:41.953  INFO 21368 --- [http-nio-8080-exec-7] app.service.impl.CartServiceImpl         : CartServiceImpl: addFoodToCart: The food Chocolate cake has been successfully added to the cart of customer dummypanda31!
2022-05-02 16:18:17.881  INFO 21368 --- [http-nio-8080-exec-6] a.s.impl.RestaurantOrderServiceImpl      : RestaurantOrderServiceImpl: addOrder: The order with order number 718381 has been successfully created for customer dummypanda31@gmail.com!
2022-05-02 16:18:51.160  INFO 21368 --- [SpringApplicationShutdownHook] j.LocalContainerEntityManagerFactoryBean : Closing JPA EntityManagerFactory for persistence unit 'default'
2022-05-02 16:18:51.160  INFO 21368 --- [SpringApplicationShutdownHook] com.zaxxer.hikari.HikariDataSource       : HikariPool-1 - Shutdown initiated...
2022-05-02 16:18:51.160  INFO 21368 --- [SpringApplicationShutdownHook] com.zaxxer.hikari.HikariDataSource       : HikariPool-1 - Shutdown completed.
2022-05-02 16:18:57.681  INFO 2492 --- [main] app.FoodPandaApplication                 : Starting FoodPandaApplication using Java 17.0.2 on DESKTOP-7USMDKN with PID 2492 (D:\CTI_3rd_year_2\Software Design\FoodPanda\target\classes started by user in D:\CTI_3rd_year_2\Software Design\FoodPanda)
2022-05-02 16:18:57.685  INFO 2492 --- [main] app.FoodPandaApplication                 : No active profile set, falling back to 1 default profile: "default"
2022-05-02 16:18:58.398  INFO 2492 --- [main] .s.d.r.c.RepositoryConfigurationDelegate : Bootstrapping Spring Data JPA repositories in DEFAULT mode.
2022-05-02 16:18:58.508  INFO 2492 --- [main] .s.d.r.c.RepositoryConfigurationDelegate : Finished Spring Data repository scanning in 86 ms. Found 7 JPA repository interfaces.
2022-05-02 16:18:59.177  INFO 2492 --- [main] o.s.b.w.embedded.tomcat.TomcatWebServer  : Tomcat initialized with port(s): 8080 (http)
2022-05-02 16:18:59.187  INFO 2492 --- [main] o.apache.catalina.core.StandardService   : Starting service [Tomcat]
2022-05-02 16:18:59.187  INFO 2492 --- [main] org.apache.catalina.core.StandardEngine  : Starting Servlet engine: [Apache Tomcat/9.0.58]
2022-05-02 16:18:59.348  INFO 2492 --- [main] o.a.c.c.C.[.[localhost].[/foodpanda]     : Initializing Spring embedded WebApplicationContext
2022-05-02 16:18:59.348  INFO 2492 --- [main] w.s.c.ServletWebServerApplicationContext : Root WebApplicationContext: initialization completed in 1620 ms
2022-05-02 16:18:59.467  WARN 2492 --- [main] JpaBaseConfiguration$JpaWebConfiguration : spring.jpa.open-in-view is enabled by default. Therefore, database queries may be performed during view rendering. Explicitly configure spring.jpa.open-in-view to disable this warning
2022-05-02 16:18:59.624  INFO 2492 --- [main] o.hibernate.jpa.internal.util.LogHelper  : HHH000204: Processing PersistenceUnitInfo [name: default]
2022-05-02 16:18:59.671  INFO 2492 --- [main] org.hibernate.Version                    : HHH000412: Hibernate ORM core version 5.6.5.Final
2022-05-02 16:18:59.780  INFO 2492 --- [main] o.hibernate.annotations.common.Version   : HCANN000001: Hibernate Commons Annotations {5.1.2.Final}
2022-05-02 16:18:59.879  INFO 2492 --- [main] com.zaxxer.hikari.HikariDataSource       : HikariPool-1 - Starting...
2022-05-02 16:19:00.184  INFO 2492 --- [main] com.zaxxer.hikari.HikariDataSource       : HikariPool-1 - Start completed.
2022-05-02 16:19:00.204  INFO 2492 --- [main] org.hibernate.dialect.Dialect            : HHH000400: Using dialect: org.hibernate.dialect.MySQL8Dialect
2022-05-02 16:19:01.084  INFO 2492 --- [main] o.h.e.t.j.p.i.JtaPlatformInitiator       : HHH000490: Using JtaPlatform implementation: [org.hibernate.engine.transaction.jta.platform.internal.NoJtaPlatform]
2022-05-02 16:19:01.084  INFO 2492 --- [main] j.LocalContainerEntityManagerFactoryBean : Initialized JPA EntityManagerFactory for persistence unit 'default'
2022-05-02 16:19:02.746  INFO 2492 --- [main] o.s.s.web.DefaultSecurityFilterChain     : Will not secure any request
2022-05-02 16:19:03.096  WARN 2492 --- [main] ion$DefaultTemplateResolverConfiguration : Cannot find template location: classpath:/templates/ (please add some templates or check your Thymeleaf configuration)
2022-05-02 16:19:03.184  INFO 2492 --- [main] o.s.b.w.embedded.tomcat.TomcatWebServer  : Tomcat started on port(s): 8080 (http) with context path '/foodpanda'
2022-05-02 16:19:03.198  INFO 2492 --- [main] app.FoodPandaApplication                 : Started FoodPandaApplication in 6.022 seconds (JVM running for 7.194)
2022-05-02 16:19:16.557  INFO 2492 --- [http-nio-8080-exec-1] o.a.c.c.C.[.[localhost].[/foodpanda]     : Initializing Spring DispatcherServlet 'dispatcherServlet'
2022-05-02 16:19:16.558  INFO 2492 --- [http-nio-8080-exec-1] o.s.web.servlet.DispatcherServlet        : Initializing Servlet 'dispatcherServlet'
2022-05-02 16:19:16.562  INFO 2492 --- [http-nio-8080-exec-1] o.s.web.servlet.DispatcherServlet        : Completed initialization in 4 ms
2022-05-02 16:19:20.059  INFO 2492 --- [http-nio-8080-exec-10] app.service.impl.CartServiceImpl         : CartServiceImpl: addFoodToCart: The food Cappy orange has been successfully added to the cart of customer dummypanda31@gmail.com!
2022-05-02 16:19:20.501  INFO 2492 --- [http-nio-8080-exec-2] app.service.impl.CartServiceImpl         : CartServiceImpl: addFoodToCart: The food Chocolate cake has been successfully added to the cart of customer dummypanda31@gmail.com!
2022-05-02 16:19:20.999  INFO 2492 --- [http-nio-8080-exec-3] app.service.impl.CartServiceImpl         : CartServiceImpl: addFoodToCart: The food Steak has been successfully added to the cart of customer dummypanda31@gmail.com!
2022-05-02 16:20:04.028  INFO 2492 --- [http-nio-8080-exec-6] a.s.impl.RestaurantOrderServiceImpl      : RestaurantOrderServiceImpl: addOrder: The order with order number 843074 has been successfully created for customer dummypanda31@gmail.com!
2022-05-02 16:22:49.651  INFO 2492 --- [SpringApplicationShutdownHook] j.LocalContainerEntityManagerFactoryBean : Closing JPA EntityManagerFactory for persistence unit 'default'
2022-05-02 16:22:49.651  INFO 2492 --- [SpringApplicationShutdownHook] com.zaxxer.hikari.HikariDataSource       : HikariPool-1 - Shutdown initiated...
2022-05-02 16:22:49.651  INFO 2492 --- [SpringApplicationShutdownHook] com.zaxxer.hikari.HikariDataSource       : HikariPool-1 - Shutdown completed.
